1691 [Test worker] INFO  manager.ApplicationManager - test starts in chrome driver
3393 [Test worker] INFO  manager.MyListener - 'Start find' element ---> By.xpath: //*[text()=' Logout ']
5462 [Test worker] INFO  manager.MyListener - 'The element with locator' -->By.xpath: //*[text()=' Logout '] was found
5463 [Test worker] INFO  manager.MyListener - 'Start find' element ---> By.cssSelector: [href='/login?url=%2Fsearch']
5479 [Test worker] INFO  manager.MyListener - 'The element with locator' -->By.cssSelector: [href='/login?url=%2Fsearch'] was found
5536 [Test worker] INFO  manager.MyListener - 'Start find' element ---> By.xpath: //*[@id='email']
5556 [Test worker] INFO  manager.MyListener - 'The element with locator' -->By.xpath: //*[@id='email'] was found
5664 [Test worker] INFO  manager.MyListener - 'Start find' element ---> By.xpath: //*[@id='password']
5684 [Test worker] INFO  manager.MyListener - 'The element with locator' -->By.xpath: //*[@id='password'] was found
5787 [Test worker] INFO  manager.MyListener - 'Start find' element ---> By.cssSelector: [type*='submit']
5811 [Test worker] INFO  manager.MyListener - 'The element with locator' -->By.cssSelector: [type*='submit'] was found
5848 [Test worker] INFO  manager.MyListener - 'Start find' element ---> By.cssSelector: [type*='submit']
5855 [Test worker] INFO  manager.MyListener - 'The element with locator' -->By.cssSelector: [type*='submit'] was found
5890 [Test worker] INFO  manager.MyListener - 'Start find' element ---> By.xpath: //button[text()='Ok']
6904 [Test worker] INFO  manager.MyListener - 'The element with locator' -->By.xpath: //button[text()='Ok'] was found
7452 [Test worker] INFO  manager.MyListener - 'Start find' element ---> By.id: 1
7472 [Test worker] INFO  manager.MyListener - 'The element with locator' -->By.id: 1 was found
7524 [Test worker] INFO  manager.MyListener - 'Start find' element ---> By.id: pickUpPlace
7535 [Test worker] INFO  manager.MyListener - 'The element with locator' -->By.id: pickUpPlace was found
7650 [Test worker] INFO  manager.MyListener - 'Start find' element ---> By.cssSelector: .pac-item
7981 [Test worker] INFO  manager.MyListener - 'The element with locator' -->By.cssSelector: .pac-item was found
8513 [Test worker] INFO  manager.MyListener - 'Start find' element ---> By.id: make
8538 [Test worker] INFO  manager.MyListener - 'The element with locator' -->By.id: make was found
8609 [Test worker] INFO  manager.MyListener - 'Start find' element ---> By.id: model
8631 [Test worker] INFO  manager.MyListener - 'The element with locator' -->By.id: model was found
8725 [Test worker] INFO  manager.MyListener - 'Start find' element ---> By.id: year
8742 [Test worker] INFO  manager.MyListener - 'The element with locator' -->By.id: year was found
8842 [Test worker] INFO  manager.MyListener - 'Start find' element ---> By.id: engine
8852 [Test worker] INFO  manager.MyListener - 'The element with locator' -->By.id: engine was found
8929 [Test worker] INFO  manager.MyListener - 'Start find' element ---> By.id: fuel
8949 [Test worker] INFO  manager.MyListener - 'The element with locator' -->By.id: fuel was found
8963 [Test worker] INFO  manager.MyListener - 'Start find' element ---> By.xpath: .//option[@value = "Petrol"]
8983 [Test worker] INFO  manager.MyListener - 'The element with locator' -->By.xpath: .//option[@value = "Petrol"] was found
9020 [Test worker] INFO  manager.MyListener - 'Start find' element ---> By.id: gear
9043 [Test worker] INFO  manager.MyListener - 'The element with locator' -->By.id: gear was found
9056 [Test worker] INFO  manager.MyListener - 'Start find' element ---> By.xpath: .//option[@value = "SMT"]
9075 [Test worker] INFO  manager.MyListener - 'The element with locator' -->By.xpath: .//option[@value = "SMT"] was found
9098 [Test worker] INFO  manager.MyListener - 'Start find' element ---> By.id: wheelsDrive
9107 [Test worker] INFO  manager.MyListener - 'The element with locator' -->By.id: wheelsDrive was found
9120 [Test worker] INFO  manager.MyListener - 'Start find' element ---> By.xpath: .//option[@value = "AWD"]
9139 [Test worker] INFO  manager.MyListener - 'The element with locator' -->By.xpath: .//option[@value = "AWD"] was found
9162 [Test worker] INFO  manager.MyListener - 'Start find' element ---> By.id: doors
9170 [Test worker] INFO  manager.MyListener - 'The element with locator' -->By.id: doors was found
9250 [Test worker] INFO  manager.MyListener - 'Start find' element ---> By.id: class
9265 [Test worker] INFO  manager.MyListener - 'The element with locator' -->By.id: class was found
9354 [Test worker] INFO  manager.MyListener - 'Start find' element ---> By.id: seats
9375 [Test worker] INFO  manager.MyListener - 'The element with locator' -->By.id: seats was found
9468 [Test worker] INFO  manager.MyListener - 'Start find' element ---> By.id: fuelConsumption
9483 [Test worker] INFO  manager.MyListener - 'The element with locator' -->By.id: fuelConsumption was found
9583 [Test worker] INFO  manager.MyListener - 'Start find' element ---> By.id: serialNumber
9595 [Test worker] INFO  manager.MyListener - 'The element with locator' -->By.id: serialNumber was found
9677 [Test worker] INFO  manager.MyListener - 'Start find' element ---> By.id: price
9689 [Test worker] INFO  manager.MyListener - 'The element with locator' -->By.id: price was found
9787 [Test worker] INFO  manager.MyListener - 'Start find' element ---> By.id: distance
9802 [Test worker] INFO  manager.MyListener - 'The element with locator' -->By.id: distance was found
9915 [Test worker] INFO  manager.MyListener - 'Start find' element ---> By.cssSelector: .feature-input
9926 [Test worker] INFO  manager.MyListener - 'The element with locator' -->By.cssSelector: .feature-input was found
10014 [Test worker] INFO  manager.MyListener - 'Start find' element ---> By.id: about
10036 [Test worker] INFO  manager.MyListener - 'The element with locator' -->By.id: about was found
10139 [Test worker] INFO  manager.MyListener - 'Start find' element ---> By.id: photos
10160 [Test worker] INFO  manager.MyListener - 'The element with locator' -->By.id: photos was found
10184 [Test worker] INFO  manager.MyListener - We have a problem-->invalid argument: File not found : C:\Users\welxeor\projects\ilcarro_Tests\download.jpg
  (Session info: chrome=100.0.4896.127)
Build info: version: '3.141.59', revision: 'e82be7d358', time: '2018-11-14T08:17:03'
System info: host: 'DESKTOP-HKMJNMU', ip: '10.0.0.3', os.name: 'Windows 10', os.arch: 'amd64', os.version: '10.0', java.version: '1.8.0_332'
Driver info: org.openqa.selenium.chrome.ChromeDriver
Capabilities {acceptInsecureCerts: false, browserName: chrome, browserVersion: 100.0.4896.127, chrome: {chromedriverVersion: 100.0.4896.60 (6a5d10861ce8..., userDataDir: C:\Users\welxeor\AppData\Lo...}, goog:chromeOptions: {debuggerAddress: localhost:62707}, javascriptEnabled: true, networkConnectionEnabled: false, pageLoadStrategy: normal, platform: WINDOWS, platformName: WINDOWS, proxy: Proxy(), setWindowRect: true, strictFileInteractability: false, timeouts: {implicit: 0, pageLoad: 300000, script: 30000}, unhandledPromptBehavior: dismiss and notify, webauthn:extension:credBlob: true, webauthn:extension:largeBlob: true, webauthn:virtualAuthenticators: true}
Session ID: d6a5171f1c30ca69095cfca536464abe
10185 [Test worker] INFO  manager.MyListener - We have a problem-->org.openqa.selenium.InvalidArgumentException: invalid argument: File not found : C:\Users\welxeor\projects\ilcarro_Tests\download.jpg
  (Session info: chrome=100.0.4896.127)
Build info: version: '3.141.59', revision: 'e82be7d358', time: '2018-11-14T08:17:03'
System info: host: 'DESKTOP-HKMJNMU', ip: '10.0.0.3', os.name: 'Windows 10', os.arch: 'amd64', os.version: '10.0', java.version: '1.8.0_332'
Driver info: org.openqa.selenium.chrome.ChromeDriver
Capabilities {acceptInsecureCerts: false, browserName: chrome, browserVersion: 100.0.4896.127, chrome: {chromedriverVersion: 100.0.4896.60 (6a5d10861ce8..., userDataDir: C:\Users\welxeor\AppData\Lo...}, goog:chromeOptions: {debuggerAddress: localhost:62707}, javascriptEnabled: true, networkConnectionEnabled: false, pageLoadStrategy: normal, platform: WINDOWS, platformName: WINDOWS, proxy: Proxy(), setWindowRect: true, strictFileInteractability: false, timeouts: {implicit: 0, pageLoad: 300000, script: 30000}, unhandledPromptBehavior: dismiss and notify, webauthn:extension:credBlob: true, webauthn:extension:largeBlob: true, webauthn:virtualAuthenticators: true}
Session ID: d6a5171f1c30ca69095cfca536464abe
10297 [Test worker] INFO  manager.MyListener - This is the link to screen with problem -->src/test/screenshots/screen-458731.png
10302 [Test worker] INFO  manager.MyListener - 'Start find' element ---> By.xpath: //*[text()=' Logout ']
10317 [Test worker] INFO  manager.MyListener - 'The element with locator' -->By.xpath: //*[text()=' Logout '] was found
10317 [Test worker] INFO  manager.MyListener - 'Start find' element ---> By.xpath: //*[text()=' Logout ']
10332 [Test worker] INFO  manager.MyListener - 'The element with locator' -->By.xpath: //*[text()=' Logout '] was found
10384 [Test worker] INFO  tests.TestBase - Tests need logout
10385 [Test worker] INFO  tests.TestBase - Test starts with good data 
10385 [Test worker] INFO  manager.MyListener - 'Start find' element ---> By.cssSelector: [href='/login?url=%2Fsearch']
12395 [Test worker] INFO  manager.MyListener - We have a problem-->no such element: Unable to locate element: {"method":"css selector","selector":"[href='/login?url=%2Fsearch']"}
  (Session info: chrome=100.0.4896.127)
For documentation on this error, please visit: https://www.seleniumhq.org/exceptions/no_such_element.html
Build info: version: '3.141.59', revision: 'e82be7d358', time: '2018-11-14T08:17:03'
System info: host: 'DESKTOP-HKMJNMU', ip: '10.0.0.3', os.name: 'Windows 10', os.arch: 'amd64', os.version: '10.0', java.version: '1.8.0_332'
Driver info: org.openqa.selenium.chrome.ChromeDriver
Capabilities {acceptInsecureCerts: false, browserName: chrome, browserVersion: 100.0.4896.127, chrome: {chromedriverVersion: 100.0.4896.60 (6a5d10861ce8..., userDataDir: C:\Users\welxeor\AppData\Lo...}, goog:chromeOptions: {debuggerAddress: localhost:62707}, javascriptEnabled: true, networkConnectionEnabled: false, pageLoadStrategy: normal, platform: WINDOWS, platformName: WINDOWS, proxy: Proxy(), setWindowRect: true, strictFileInteractability: false, timeouts: {implicit: 0, pageLoad: 300000, script: 30000}, unhandledPromptBehavior: dismiss and notify, webauthn:extension:credBlob: true, webauthn:extension:largeBlob: true, webauthn:virtualAuthenticators: true}
Session ID: d6a5171f1c30ca69095cfca536464abe
*** Element info: {Using=css selector, value=[href='/login?url=%2Fsearch']}
12395 [Test worker] INFO  manager.MyListener - We have a problem-->org.openqa.selenium.NoSuchElementException: no such element: Unable to locate element: {"method":"css selector","selector":"[href='/login?url=%2Fsearch']"}
  (Session info: chrome=100.0.4896.127)
For documentation on this error, please visit: https://www.seleniumhq.org/exceptions/no_such_element.html
Build info: version: '3.141.59', revision: 'e82be7d358', time: '2018-11-14T08:17:03'
System info: host: 'DESKTOP-HKMJNMU', ip: '10.0.0.3', os.name: 'Windows 10', os.arch: 'amd64', os.version: '10.0', java.version: '1.8.0_332'
Driver info: org.openqa.selenium.chrome.ChromeDriver
Capabilities {acceptInsecureCerts: false, browserName: chrome, browserVersion: 100.0.4896.127, chrome: {chromedriverVersion: 100.0.4896.60 (6a5d10861ce8..., userDataDir: C:\Users\welxeor\AppData\Lo...}, goog:chromeOptions: {debuggerAddress: localhost:62707}, javascriptEnabled: true, networkConnectionEnabled: false, pageLoadStrategy: normal, platform: WINDOWS, platformName: WINDOWS, proxy: Proxy(), setWindowRect: true, strictFileInteractability: false, timeouts: {implicit: 0, pageLoad: 300000, script: 30000}, unhandledPromptBehavior: dismiss and notify, webauthn:extension:credBlob: true, webauthn:extension:largeBlob: true, webauthn:virtualAuthenticators: true}
Session ID: d6a5171f1c30ca69095cfca536464abe
*** Element info: {Using=css selector, value=[href='/login?url=%2Fsearch']}
12497 [Test worker] INFO  manager.MyListener - This is the link to screen with problem -->src/test/screenshots/screen-458731.png
12498 [Test worker] INFO  manager.MyListener - 'Start find' element ---> By.xpath: //button[text()='Ok']
14515 [Test worker] INFO  manager.MyListener - We have a problem-->no such element: Unable to locate element: {"method":"xpath","selector":"//button[text()='Ok']"}
  (Session info: chrome=100.0.4896.127)
For documentation on this error, please visit: https://www.seleniumhq.org/exceptions/no_such_element.html
Build info: version: '3.141.59', revision: 'e82be7d358', time: '2018-11-14T08:17:03'
System info: host: 'DESKTOP-HKMJNMU', ip: '10.0.0.3', os.name: 'Windows 10', os.arch: 'amd64', os.version: '10.0', java.version: '1.8.0_332'
Driver info: org.openqa.selenium.chrome.ChromeDriver
Capabilities {acceptInsecureCerts: false, browserName: chrome, browserVersion: 100.0.4896.127, chrome: {chromedriverVersion: 100.0.4896.60 (6a5d10861ce8..., userDataDir: C:\Users\welxeor\AppData\Lo...}, goog:chromeOptions: {debuggerAddress: localhost:62707}, javascriptEnabled: true, networkConnectionEnabled: false, pageLoadStrategy: normal, platform: WINDOWS, platformName: WINDOWS, proxy: Proxy(), setWindowRect: true, strictFileInteractability: false, timeouts: {implicit: 0, pageLoad: 300000, script: 30000}, unhandledPromptBehavior: dismiss and notify, webauthn:extension:credBlob: true, webauthn:extension:largeBlob: true, webauthn:virtualAuthenticators: true}
Session ID: d6a5171f1c30ca69095cfca536464abe
*** Element info: {Using=xpath, value=//button[text()='Ok']}
14516 [Test worker] INFO  manager.MyListener - We have a problem-->org.openqa.selenium.NoSuchElementException: no such element: Unable to locate element: {"method":"xpath","selector":"//button[text()='Ok']"}
  (Session info: chrome=100.0.4896.127)
For documentation on this error, please visit: https://www.seleniumhq.org/exceptions/no_such_element.html
Build info: version: '3.141.59', revision: 'e82be7d358', time: '2018-11-14T08:17:03'
System info: host: 'DESKTOP-HKMJNMU', ip: '10.0.0.3', os.name: 'Windows 10', os.arch: 'amd64', os.version: '10.0', java.version: '1.8.0_332'
Driver info: org.openqa.selenium.chrome.ChromeDriver
Capabilities {acceptInsecureCerts: false, browserName: chrome, browserVersion: 100.0.4896.127, chrome: {chromedriverVersion: 100.0.4896.60 (6a5d10861ce8..., userDataDir: C:\Users\welxeor\AppData\Lo...}, goog:chromeOptions: {debuggerAddress: localhost:62707}, javascriptEnabled: true, networkConnectionEnabled: false, pageLoadStrategy: normal, platform: WINDOWS, platformName: WINDOWS, proxy: Proxy(), setWindowRect: true, strictFileInteractability: false, timeouts: {implicit: 0, pageLoad: 300000, script: 30000}, unhandledPromptBehavior: dismiss and notify, webauthn:extension:credBlob: true, webauthn:extension:largeBlob: true, webauthn:virtualAuthenticators: true}
Session ID: d6a5171f1c30ca69095cfca536464abe
*** Element info: {Using=xpath, value=//button[text()='Ok']}
14610 [Test worker] INFO  manager.MyListener - This is the link to screen with problem -->src/test/screenshots/screen-458731.png
14613 [Test worker] INFO  manager.MyListener - 'Start find' element ---> By.xpath: //*[text()=' Logout ']
16632 [Test worker] INFO  manager.MyListener - 'The element with locator' -->By.xpath: //*[text()=' Logout '] was found
16633 [Test worker] INFO  manager.MyListener - 'Start find' element ---> By.xpath: //a[text()=' Sign up ']
16652 [Test worker] INFO  manager.MyListener - 'The element with locator' -->By.xpath: //a[text()=' Sign up '] was found
16694 [Test worker] INFO  manager.MyListener - 'Start find' element ---> By.id: name
16715 [Test worker] INFO  manager.MyListener - 'The element with locator' -->By.id: name was found
16800 [Test worker] INFO  manager.MyListener - 'Start find' element ---> By.id: lastName
16822 [Test worker] INFO  manager.MyListener - 'The element with locator' -->By.id: lastName was found
16893 [Test worker] INFO  manager.MyListener - 'Start find' element ---> By.id: email
16917 [Test worker] INFO  manager.MyListener - 'The element with locator' -->By.id: email was found
17001 [Test worker] INFO  manager.MyListener - 'Start find' element ---> By.id: password
17012 [Test worker] INFO  manager.MyListener - 'The element with locator' -->By.id: password was found
17086 [Test worker] INFO  manager.MyListener - 'Start find' element ---> By.cssSelector: label[for='terms-of-use']
17108 [Test worker] INFO  manager.MyListener - 'The element with locator' -->By.cssSelector: label[for='terms-of-use'] was found
17498 [Test worker] INFO  manager.MyListener - 'Start find' element ---> By.cssSelector: [type*='submit']
17517 [Test worker] INFO  manager.MyListener - 'The element with locator' -->By.cssSelector: [type*='submit'] was found
17538 [Test worker] INFO  manager.MyListener - 'Start find' element ---> By.cssSelector: [type*='submit']
17546 [Test worker] INFO  manager.MyListener - 'The element with locator' -->By.cssSelector: [type*='submit'] was found
17576 [Test worker] INFO  manager.MyListener - 'Start find' element ---> By.cssSelector: .dialog-container
18157 [Test worker] INFO  manager.MyListener - 'The element with locator' -->By.cssSelector: .dialog-container was found
18176 [Test worker] INFO  manager.MyListener - 'Start find' element ---> By.cssSelector: .dialog-container h2
18191 [Test worker] INFO  manager.MyListener - 'The element with locator' -->By.cssSelector: .dialog-container h2 was found
18200 [Test worker] INFO  manager.MyListener - 'Start find' element ---> By.xpath: //button[text()='Ok']
18222 [Test worker] INFO  manager.MyListener - 'The element with locator' -->By.xpath: //button[text()='Ok'] was found
18254 [Test worker] INFO  manager.MyListener - 'Start find' element ---> By.xpath: //*[text()=' Logout ']
18268 [Test worker] INFO  manager.MyListener - 'The element with locator' -->By.xpath: //*[text()=' Logout '] was found
18268 [Test worker] INFO  manager.MyListener - 'Start find' element ---> By.xpath: //*[text()=' Logout ']
18284 [Test worker] INFO  manager.MyListener - 'The element with locator' -->By.xpath: //*[text()=' Logout '] was found
18333 [Test worker] INFO  manager.MyListener - 'Start find' element ---> By.xpath: //a[text()=' Sign up ']
18346 [Test worker] INFO  manager.MyListener - 'The element with locator' -->By.xpath: //a[text()=' Sign up '] was found
18387 [Test worker] INFO  manager.MyListener - 'Start find' element ---> By.id: name
18394 [Test worker] INFO  manager.MyListener - 'The element with locator' -->By.id: name was found
18484 [Test worker] INFO  manager.MyListener - 'Start find' element ---> By.id: lastName
18504 [Test worker] INFO  manager.MyListener - 'The element with locator' -->By.id: lastName was found
18580 [Test worker] INFO  manager.MyListener - 'Start find' element ---> By.id: email
18599 [Test worker] INFO  manager.MyListener - 'The element with locator' -->By.id: email was found
18702 [Test worker] INFO  manager.MyListener - 'Start find' element ---> By.id: password
18708 [Test worker] INFO  manager.MyListener - 'The element with locator' -->By.id: password was found
18787 [Test worker] INFO  manager.MyListener - 'Start find' element ---> By.cssSelector: label[for='terms-of-use']
18803 [Test worker] INFO  manager.MyListener - 'The element with locator' -->By.cssSelector: label[for='terms-of-use'] was found
19166 [Test worker] INFO  manager.MyListener - 'Start find' element ---> By.cssSelector: div.error div:first-child
19182 [Test worker] INFO  manager.MyListener - 'The element with locator' -->By.cssSelector: div.error div:first-child was found
19191 [Test worker] INFO  manager.MyListener - 'Start find' element ---> By.cssSelector: div.error div:last-child
19212 [Test worker] INFO  manager.MyListener - 'The element with locator' -->By.cssSelector: div.error div:last-child was found
19221 [Test worker] INFO  manager.MyListener - 'Start find' element ---> By.cssSelector: [type*='submit']
19240 [Test worker] INFO  manager.MyListener - 'The element with locator' -->By.cssSelector: [type*='submit'] was found
19245 [Test worker] INFO  manager.MyListener - 'Start find' element ---> By.cssSelector: button[disabled]
19258 [Test worker] INFO  manager.MyListener - 'The element with locator' -->By.cssSelector: button[disabled] was found
19259 [Test worker] INFO  manager.MyListener - 'Start find' element ---> By.id: 0
19273 [Test worker] INFO  manager.MyListener - 'The element with locator' -->By.id: 0 was found
19310 [Test worker] INFO  manager.MyListener - 'Start find' element ---> By.id: city
19320 [Test worker] INFO  manager.MyListener - 'The element with locator' -->By.id: city was found
19397 [Test worker] INFO  manager.MyListener - 'Start find' element ---> By.cssSelector: .pac-item
19662 [Test worker] INFO  manager.MyListener - 'The element with locator' -->By.cssSelector: .pac-item was found
19694 [Test worker] INFO  manager.MyListener - 'Start find' element ---> By.id: dates
19711 [Test worker] INFO  manager.MyListener - 'The element with locator' -->By.id: dates was found
19843 [Test worker] INFO  manager.MyListener - 'Start find' element ---> By.cssSelector: .cdk-overlay-container
19854 [Test worker] INFO  manager.MyListener - 'The element with locator' -->By.cssSelector: .cdk-overlay-container was found
19888 [Test worker] INFO  manager.MyListener - 'Start find' element ---> By.cssSelector: [type*='submit']
19901 [Test worker] INFO  manager.MyListener - 'The element with locator' -->By.cssSelector: [type*='submit'] was found
20910 [Test worker] INFO  manager.MyListener - 'Start find' element ---> By.xpath: //div[@class='ng-star-inserted']
20933 [Test worker] INFO  manager.MyListener - 'The element with locator' -->By.xpath: //div[@class='ng-star-inserted'] was found
20942 [Test worker] INFO  manager.MyListener - 'Start find' element ---> By.id: 0
20959 [Test worker] INFO  manager.MyListener - 'The element with locator' -->By.id: 0 was found
20985 [Test worker] INFO  manager.MyListener - 'Start find' element ---> By.id: city
20991 [Test worker] INFO  manager.MyListener - 'The element with locator' -->By.id: city was found
21060 [Test worker] INFO  manager.MyListener - 'Start find' element ---> By.cssSelector: .pac-item
21319 [Test worker] INFO  manager.MyListener - 'The element with locator' -->By.cssSelector: .pac-item was found
21354 [Test worker] INFO  manager.MyListener - 'Start find' element ---> By.id: dates
21369 [Test worker] INFO  manager.MyListener - 'The element with locator' -->By.id: dates was found
21407 [Test worker] INFO  manager.MyListener - 'Start find' element ---> By.xpath: //div [.=' 10 ']
21419 [Test worker] INFO  manager.MyListener - 'The element with locator' -->By.xpath: //div [.=' 10 '] was found
21462 [Test worker] INFO  manager.MyListener - 'Start find' element ---> By.xpath: //div [.=' 20 ']
21482 [Test worker] INFO  manager.MyListener - 'The element with locator' -->By.xpath: //div [.=' 20 '] was found
21521 [Test worker] INFO  manager.MyListener - 'Start find' element ---> By.cssSelector: [type*='submit']
21527 [Test worker] INFO  manager.MyListener - 'The element with locator' -->By.cssSelector: [type*='submit'] was found
21548 [Test worker] INFO  manager.MyListener - 'Start find' element ---> By.cssSelector: [type*='submit']
21559 [Test worker] INFO  manager.MyListener - 'The element with locator' -->By.cssSelector: [type*='submit'] was found
21617 [Test worker] INFO  manager.MyListener - 'Start find' element ---> By.xpath: //*[text()='Sort by price:']
21625 [Test worker] INFO  manager.MyListener - 'The element with locator' -->By.xpath: //*[text()='Sort by price:'] was found
21626 [Test worker] INFO  manager.MyListener - 'Start find' element ---> By.id: 0
21637 [Test worker] INFO  manager.MyListener - 'The element with locator' -->By.id: 0 was found
21678 [Test worker] INFO  manager.MyListener - 'Start find' element ---> By.id: city
21699 [Test worker] INFO  manager.MyListener - 'The element with locator' -->By.id: city was found
21802 [Test worker] INFO  manager.MyListener - 'Start find' element ---> By.cssSelector: .pac-item
21999 [Test worker] INFO  manager.MyListener - 'The element with locator' -->By.cssSelector: .pac-item was found
22038 [Test worker] INFO  manager.MyListener - 'Start find' element ---> By.id: dates
22047 [Test worker] INFO  manager.MyListener - 'The element with locator' -->By.id: dates was found
22093 [Test worker] INFO  manager.MyListener - 'Start find' element ---> By.xpath: //button[@aria-label='Next month']
22112 [Test worker] INFO  manager.MyListener - 'The element with locator' -->By.xpath: //button[@aria-label='Next month'] was found
22152 [Test worker] INFO  manager.MyListener - 'Start find' element ---> By.xpath: //button[@aria-label='Next month']
22174 [Test worker] INFO  manager.MyListener - 'The element with locator' -->By.xpath: //button[@aria-label='Next month'] was found
22212 [Test worker] INFO  manager.MyListener - 'Start find' element ---> By.xpath: //button[@aria-label='Next month']
22222 [Test worker] INFO  manager.MyListener - 'The element with locator' -->By.xpath: //button[@aria-label='Next month'] was found
22255 [Test worker] INFO  manager.MyListener - 'Start find' element ---> By.xpath: //button[@aria-label='Next month']
22268 [Test worker] INFO  manager.MyListener - 'The element with locator' -->By.xpath: //button[@aria-label='Next month'] was found
22300 [Test worker] INFO  manager.MyListener - 'Start find' element ---> By.xpath: //button[@aria-label='Next month']
22314 [Test worker] INFO  manager.MyListener - 'The element with locator' -->By.xpath: //button[@aria-label='Next month'] was found
22347 [Test worker] INFO  manager.MyListener - 'Start find' element ---> By.xpath: //button[@aria-label='Next month']
22360 [Test worker] INFO  manager.MyListener - 'The element with locator' -->By.xpath: //button[@aria-label='Next month'] was found
22392 [Test worker] INFO  manager.MyListener - 'Start find' element ---> By.xpath: //button[@aria-label='Next month']
22406 [Test worker] INFO  manager.MyListener - 'The element with locator' -->By.xpath: //button[@aria-label='Next month'] was found
22441 [Test worker] INFO  manager.MyListener - 'Start find' element ---> By.xpath: //button[@aria-label='Next month']
22453 [Test worker] INFO  manager.MyListener - 'The element with locator' -->By.xpath: //button[@aria-label='Next month'] was found
22488 [Test worker] INFO  manager.MyListener - 'Start find' element ---> By.xpath: //button[@aria-label='Next month']
22500 [Test worker] INFO  manager.MyListener - 'The element with locator' -->By.xpath: //button[@aria-label='Next month'] was found
22533 [Test worker] INFO  manager.MyListener - 'Start find' element ---> By.xpath: //div[text()=' 5 ']
22549 [Test worker] INFO  manager.MyListener - 'The element with locator' -->By.xpath: //div[text()=' 5 '] was found
22588 [Test worker] INFO  manager.MyListener - 'Start find' element ---> By.xpath: //button[@aria-label='Next month']
22609 [Test worker] INFO  manager.MyListener - 'The element with locator' -->By.xpath: //button[@aria-label='Next month'] was found
22649 [Test worker] INFO  manager.MyListener - 'Start find' element ---> By.xpath: //button[@aria-label='Next month']
22667 [Test worker] INFO  manager.MyListener - 'The element with locator' -->By.xpath: //button[@aria-label='Next month'] was found
22705 [Test worker] INFO  manager.MyListener - 'Start find' element ---> By.xpath: //div[text()=' 2 ']
22721 [Test worker] INFO  manager.MyListener - 'The element with locator' -->By.xpath: //div[text()=' 2 '] was found
22758 [Test worker] INFO  manager.MyListener - 'Start find' element ---> By.cssSelector: [type*='submit']
22766 [Test worker] INFO  manager.MyListener - 'The element with locator' -->By.cssSelector: [type*='submit'] was found
22787 [Test worker] INFO  manager.MyListener - 'Start find' element ---> By.cssSelector: [type*='submit']
22796 [Test worker] INFO  manager.MyListener - 'The element with locator' -->By.cssSelector: [type*='submit'] was found
